<?xml version="1.0" encoding="UTF-8"?>
<testsuite name="test_structural_revoke_key_am_tests.MyTestCase-20210521212215" tests="1" file="test_structural_revoke_key_am_tests.py" time="0.006" timestamp="2021-05-21T21:22:16" failures="0" errors="0" skipped="0">
	<testcase classname="test_structural_revoke_key_am_tests.MyTestCase" name="test_st_am_rk_v_1" time="0.006" timestamp="2021-05-21T21:22:16"/>
</testsuite>
