<?xml version="1.0" encoding="UTF-8"?>
<testsuite name="test_request_access_code_tests.MyTestCase-20210520182016" tests="2" file="test_request_access_code_tests.py" time="0.050" timestamp="2021-05-20T18:20:17" failures="0" errors="0" skipped="0">
	<testcase classname="test_request_access_code_tests.MyTestCase" name="test_invalid_days_character" time="0.005" timestamp="2021-05-20T18:20:17"/>
	<testcase classname="test_request_access_code_tests.MyTestCase" name="test_parametrized_cases_tests" time="0.045" timestamp="2021-05-20T18:20:17"/>
</testsuite>
