<?xml version="1.0" encoding="UTF-8"?>
<testsuite name="test_structural_create_key_revoke_tests.MyTestCase-20210521125149" tests="2" file="test_structural_create_key_revoke_tests.py" time="0.006" timestamp="2021-05-21T12:51:49" failures="0" errors="0" skipped="0">
	<testcase classname="test_structural_create_key_revoke_tests.MyTestCase" name="test_st_rk_ckr_iv_1" time="0.004" timestamp="2021-05-21T12:51:49"/>
	<testcase classname="test_structural_create_key_revoke_tests.MyTestCase" name="test_st_rk_ckr_v_2" time="0.002" timestamp="2021-05-21T12:51:49"/>
</testsuite>
