<?xml version="1.0" encoding="UTF-8"?>
<testsuite name="test_request_access_code_tests.MyTestCase-20210521125149" tests="2" file="test_request_access_code_tests.py" time="0.031" timestamp="2021-05-21T12:51:49" failures="0" errors="0" skipped="0">
	<testcase classname="test_request_access_code_tests.MyTestCase" name="test_invalid_days_character" time="0.002" timestamp="2021-05-21T12:51:49"/>
	<testcase classname="test_request_access_code_tests.MyTestCase" name="test_parametrized_cases_tests" time="0.029" timestamp="2021-05-21T12:51:49"/>
</testsuite>
