<?xml version="1.0" encoding="UTF-8"?>
<testsuite name="test_revoke_key_tests.MyTestCase-20210520182016" tests="1" file="test_revoke_key_tests.py" time="0.061" timestamp="2021-05-20T18:20:17" failures="0" errors="0" skipped="0">
	<testcase classname="test_revoke_key_tests.MyTestCase" name="test_parametrized_cases_tests" time="0.061" timestamp="2021-05-20T18:20:17"/>
</testsuite>
