<?xml version="1.0" encoding="UTF-8"?>
<testsuite name="test_request_access_code_tests.MyTestCase-20210519140823" tests="2" file="test_request_access_code_tests.py" time="0.072" timestamp="2021-05-19T14:08:24" failures="0" errors="0" skipped="0">
	<testcase classname="test_request_access_code_tests.MyTestCase" name="test_invalid_days_character" time="0.004" timestamp="2021-05-19T14:08:24"/>
	<testcase classname="test_request_access_code_tests.MyTestCase" name="test_parametrized_cases_tests" time="0.068" timestamp="2021-05-19T14:08:24"/>
</testsuite>
