<?xml version="1.0" encoding="UTF-8"?>
<testsuite name="test_request_access_code_tests.MyTestCase-20210520171254" tests="2" file="test_request_access_code_tests.py" time="0.015" timestamp="2021-05-20T17:12:55" failures="0" errors="0" skipped="0">
	<testcase classname="test_request_access_code_tests.MyTestCase" name="test_invalid_days_character" time="0.000" timestamp="2021-05-20T17:12:55"/>
	<testcase classname="test_request_access_code_tests.MyTestCase" name="test_parametrized_cases_tests" time="0.015" timestamp="2021-05-20T17:12:55"/>
</testsuite>
