<?xml version="1.0" encoding="UTF-8"?>
<testsuite name="test_get_access_key_tests.TestAccessManager-20210521211416" tests="1" file="test_get_access_key_tests.py" time="0.023" timestamp="2021-05-21T21:14:16" failures="0" errors="0" skipped="0">
	<testcase classname="test_get_access_key_tests.TestAccessManager" name="test_parametrized_cases_tests" time="0.023" timestamp="2021-05-21T21:14:16"/>
</testsuite>
