<?xml version="1.0" encoding="UTF-8"?>
<testsuite name="test_structural_revoke_key_tests.MyTestCase-20210521211416" tests="3" file="test_structural_revoke_key_tests.py" time="0.006" timestamp="2021-05-21T21:14:16" failures="0" errors="0" skipped="0">
	<testcase classname="test_structural_revoke_key_tests.MyTestCase" name="test_st_rk_rk_iv_1" time="0.002" timestamp="2021-05-21T21:14:16"/>
	<testcase classname="test_structural_revoke_key_tests.MyTestCase" name="test_st_rk_rk_v_2" time="0.002" timestamp="2021-05-21T21:14:16"/>
	<testcase classname="test_structural_revoke_key_tests.MyTestCase" name="test_st_rk_rk_v_4" time="0.002" timestamp="2021-05-21T21:14:16"/>
</testsuite>
