<?xml version="1.0" encoding="UTF-8"?>
<testsuite name="test_structural_create_key_revoke_tests.MyTestCase-20210521212215" tests="2" file="test_structural_create_key_revoke_tests.py" time="0.005" timestamp="2021-05-21T21:22:16" failures="0" errors="0" skipped="0">
	<testcase classname="test_structural_create_key_revoke_tests.MyTestCase" name="test_st_rk_ckr_iv_1" time="0.003" timestamp="2021-05-21T21:22:16"/>
	<testcase classname="test_structural_create_key_revoke_tests.MyTestCase" name="test_st_rk_ckr_v_2" time="0.002" timestamp="2021-05-21T21:22:16"/>
</testsuite>
